<test-run id="2" testcasecount="1" result="Passed" start-time="2025-08-15 07:03:45.707567" end-time="2025-08-15 07:03:46.341960" duration="0" total="1" passed="1" failed="0" inconclusive="0" skipped="0" asserts="0" clr-version="3.11.7 (main, Dec 15 2023, 12:09:56) [Clang 14.0.6 ]" engine-version="3.6.2"><command-line>/opt/anaconda3/bin/pytest -q tests/test_long_running_queue.py -q</command-line><filter><test re="0">tests/test_long_running_queue.py</test></filter><test-suite id="tests/test_long_running_queue.py" name="tests/test_long_running_queue.py" fullname="tests/test_long_running_queue.py" methodname="" classname="" runstate="Runnable" type="Assembly" testcasecount="1" result="Passed" label="" start-time="2025-08-15 07:03:45.840667" end-time="2025-08-15 07:03:46.341832" duration="0.501165" asserts="0" total="1" passed="1" failed="0" warnings="0" inconclusive="0" skipped="0"><properties><property name="python_version" value="3.11.7 (main, Dec 15 2023, 12:09:56) [Clang 14.0.6 ]" /></properties><test-case id="100" name="tests/test_long_running_queue.py::test_submit_long_running_and_observe_pending" fullname="tests/test_long_running_queue.py::test_submit_long_running_and_observe_pending" methodname="test_submit_long_running_and_observe_pending" classname="tests/test_long_running_queue.py" runstate="Runnable" seed="1" result="Passed" label="" start-time="2025-08-15 07:03:45.840667" end-time="2025-08-15 07:03:46.341832" duration="0.501165" asserts="0"><properties><property name="python-version" value="3.11.7 (main, Dec 15 2023, 12:09:56) [Clang 14.0.6 ]" /><property name="fspath" value="tests/test_long_running_queue.py" /></properties><environment framework-version="3.6.2" clr-version="3.11.7 (main, Dec 15 2023, 12:09:56) [Clang 14.0.6 ]" os-version="24.5.0" platform="Darwin" cwd="/Users/kantakash/work/personsalProjects/classiq_coding" machine-name="arm64" user="" user-domain="" culture="en_US" uiculture="en_US" os-architecture="64bit" /><failure><message><![CDATA[]]></message><stack-trace><![CDATA[None]]></stack-trace></failure><reason><message><![CDATA[]]></message></reason><output><![CDATA[]]></output></test-case><environment framework-version="3.6.2" clr-version="3.11.7 (main, Dec 15 2023, 12:09:56) [Clang 14.0.6 ]" os-version="24.5.0" platform="Darwin" cwd="/Users/kantakash/work/personsalProjects/classiq_coding" machine-name="arm64" user="" user-domain="" culture="en_US" uiculture="en_US" os-architecture="64bit" /></test-suite></test-run>